<?xml version="1.0" encoding="UTF-8"?>
<testsuite name="org.example.StringRecipeTest" tests="1" skipped="0" failures="0" errors="0" timestamp="2022-11-16T12:57:24" hostname="DESKTOP-9P6O7OK" time="0.017">
  <properties/>
  <testcase name="stringRecipe()" classname="org.example.StringRecipeTest" time="0.017"/>
  <system-out><![CDATA[]]></system-out>
  <system-err><![CDATA[]]></system-err>
</testsuite>
