<?xml version="1.0" encoding="UTF-8"?>
<testsuite name="org.example.StringBarTest" tests="1" skipped="0" failures="0" errors="0" timestamp="2022-11-22T22:43:52" hostname="DESKTOP-9P6O7OK" time="0.031">
  <properties/>
  <testcase name="happyHour()" classname="org.example.StringBarTest" time="0.031"/>
  <system-out><![CDATA[]]></system-out>
  <system-err><![CDATA[]]></system-err>
</testsuite>
